Release 14.7 - xst P.20131013 (nt64)
Copyright (c) 1995-2013 Xilinx, Inc.  All rights reserved.
--> Parameter TMPDIR set to xst/projnav.tmp


Total REAL time to Xst completion: 1.00 secs
Total CPU time to Xst completion: 0.10 secs
 
--> Parameter xsthdpdir set to xst


Total REAL time to Xst completion: 1.00 secs
Total CPU time to Xst completion: 0.11 secs
 
--> Reading design: Stopwatch.prj

TABLE OF CONTENTS
  1) Synthesis Options Summary
  2) HDL Compilation
  3) Design Hierarchy Analysis
  4) HDL Analysis
  5) HDL Synthesis
     5.1) HDL Synthesis Report
  6) Advanced HDL Synthesis
     6.1) Advanced HDL Synthesis Report
  7) Low Level Synthesis
  8) Partition Report
  9) Final Report
	9.1) Device utilization summary
	9.2) Partition Resource Summary
	9.3) TIMING REPORT


=========================================================================
*                      Synthesis Options Summary                        *
=========================================================================
---- Source Parameters
Input File Name                    : "Stopwatch.prj"
Input Format                       : mixed
Ignore Synthesis Constraint File   : NO

---- Target Parameters
Output File Name                   : "Stopwatch"
Output Format                      : NGC
Target Device                      : xc3s1000-5-ft256

---- Source Options
Top Module Name                    : Stopwatch
Automatic FSM Extraction           : YES
FSM Encoding Algorithm             : Auto
Safe Implementation                : No
FSM Style                          : LUT
RAM Extraction                     : Yes
RAM Style                          : Auto
ROM Extraction                     : Yes
Mux Style                          : Auto
Decoder Extraction                 : YES
Priority Encoder Extraction        : Yes
Shift Register Extraction          : YES
Logical Shifter Extraction         : YES
XOR Collapsing                     : YES
ROM Style                          : Auto
Mux Extraction                     : Yes
Resource Sharing                   : YES
Asynchronous To Synchronous        : NO
Multiplier Style                   : Auto
Automatic Register Balancing       : No

---- Target Options
Add IO Buffers                     : YES
Global Maximum Fanout              : 500
Add Generic Clock Buffer(BUFG)     : 8
Register Duplication               : YES
Slice Packing                      : YES
Optimize Instantiated Primitives   : NO
Use Clock Enable                   : Yes
Use Synchronous Set                : Yes
Use Synchronous Reset              : Yes
Pack IO Registers into IOBs        : Auto
Equivalent register Removal        : YES

---- General Options
Optimization Goal                  : Speed
Optimization Effort                : 1
Keep Hierarchy                     : No
Netlist Hierarchy                  : As_Optimized
RTL Output                         : Yes
Global Optimization                : AllClockNets
Read Cores                         : YES
Write Timing Constraints           : NO
Cross Clock Analysis               : NO
Hierarchy Separator                : /
Bus Delimiter                      : <>
Case Specifier                     : Maintain
Slice Utilization Ratio            : 100
BRAM Utilization Ratio             : 100
Verilog 2001                       : YES
Auto BRAM Packing                  : NO
Slice Utilization Ratio Delta      : 5

=========================================================================


=========================================================================
*                          HDL Compilation                              *
=========================================================================
Compiling verilog file "Stopwatch.v" in library work
Module <OutputTwoHzSignal> compiled
Module <Stopwatch> compiled
Module <SixBitRegister> compiled
Module <FiveBitRegister> compiled
Module <SixBitIncrement> compiled
Module <FiveBitIncrement> compiled
Module <SixBitMux> compiled
Module <FiveBitMux> compiled
Module <SixBitXNOR> compiled
Module <FiveBitXNOR> compiled
No errors in compilation
Analysis of file <"Stopwatch.prj"> succeeded.
 

=========================================================================
*                     Design Hierarchy Analysis                         *
=========================================================================
Analyzing hierarchy for module <Stopwatch> in library <work>.

Analyzing hierarchy for module <SixBitIncrement> in library <work>.

Analyzing hierarchy for module <SixBitXNOR> in library <work>.

Analyzing hierarchy for module <SixBitMux> in library <work>.

Analyzing hierarchy for module <FiveBitIncrement> in library <work>.

Analyzing hierarchy for module <FiveBitXNOR> in library <work>.

Analyzing hierarchy for module <FiveBitMux> in library <work>.

Analyzing hierarchy for module <OutputTwoHzSignal> in library <work>.


=========================================================================
*                            HDL Analysis                               *
=========================================================================
Analyzing top module <Stopwatch>.
Module <Stopwatch> is correct for synthesis.
 
Analyzing module <SixBitIncrement> in library <work>.
Module <SixBitIncrement> is correct for synthesis.
 
Analyzing module <SixBitXNOR> in library <work>.
Module <SixBitXNOR> is correct for synthesis.
 
Analyzing module <SixBitMux> in library <work>.
Module <SixBitMux> is correct for synthesis.
 
Analyzing module <FiveBitIncrement> in library <work>.
Module <FiveBitIncrement> is correct for synthesis.
 
Analyzing module <FiveBitXNOR> in library <work>.
Module <FiveBitXNOR> is correct for synthesis.
 
Analyzing module <FiveBitMux> in library <work>.
Module <FiveBitMux> is correct for synthesis.
 
Analyzing module <OutputTwoHzSignal> in library <work>.
Module <OutputTwoHzSignal> is correct for synthesis.
 

=========================================================================
*                           HDL Synthesis                               *
=========================================================================

Performing bidirectional port resolution...

Synthesizing Unit <SixBitIncrement>.
    Related source file is "Stopwatch.v".
    Found 6-bit adder for signal <SBIOut>.
    Summary:
	inferred   1 Adder/Subtractor(s).
Unit <SixBitIncrement> synthesized.


Synthesizing Unit <SixBitXNOR>.
    Related source file is "Stopwatch.v".
    Found 1-bit xor2 for signal <SBXNOROut$xor0000> created at line 227.
    Found 1-bit xor2 for signal <SBXNOROut$xor0001> created at line 227.
    Found 1-bit xor2 for signal <SBXNOROut$xor0002> created at line 227.
    Found 1-bit xor2 for signal <SBXNOROut$xor0003> created at line 227.
    Found 1-bit xor2 for signal <SBXNOROut$xor0004> created at line 227.
    Found 1-bit xor2 for signal <SBXNOROut$xor0005> created at line 227.
Unit <SixBitXNOR> synthesized.


Synthesizing Unit <SixBitMux>.
    Related source file is "Stopwatch.v".
Unit <SixBitMux> synthesized.


Synthesizing Unit <FiveBitIncrement>.
    Related source file is "Stopwatch.v".
    Found 5-bit adder for signal <FBIOut>.
    Summary:
	inferred   1 Adder/Subtractor(s).
Unit <FiveBitIncrement> synthesized.


Synthesizing Unit <FiveBitXNOR>.
    Related source file is "Stopwatch.v".
    Found 1-bit xor2 for signal <FBXNOROut$xor0000> created at line 243.
    Found 1-bit xor2 for signal <FBXNOROut$xor0001> created at line 243.
    Found 1-bit xor2 for signal <FBXNOROut$xor0002> created at line 243.
    Found 1-bit xor2 for signal <FBXNOROut$xor0003> created at line 243.
    Found 1-bit xor2 for signal <FBXNOROut$xor0004> created at line 243.
Unit <FiveBitXNOR> synthesized.


Synthesizing Unit <FiveBitMux>.
    Related source file is "Stopwatch.v".
Unit <FiveBitMux> synthesized.


Synthesizing Unit <OutputTwoHzSignal>.
    Related source file is "Stopwatch.v".
    Found 1-bit register for signal <Fout>.
    Found 27-bit up counter for signal <counter>.
    Summary:
	inferred   1 Counter(s).
	inferred   1 D-type flip-flop(s).
Unit <OutputTwoHzSignal> synthesized.


Synthesizing Unit <Stopwatch>.
    Related source file is "Stopwatch.v".
WARNING:Xst:653 - Signal <TwentyThree> is used but never assigned. This sourceless signal will be automatically connected to value 10111.
WARNING:Xst:653 - Signal <One> is used but never assigned. This sourceless signal will be automatically connected to value 1.
WARNING:Xst:653 - Signal <FiftyNine> is used but never assigned. This sourceless signal will be automatically connected to value 111011.
    Found 5-bit register for signal <Hours>.
    Found 6-bit register for signal <Minutes>.
    Found 6-bit register for signal <Seconds>.
    Summary:
	inferred  17 D-type flip-flop(s).
Unit <Stopwatch> synthesized.


=========================================================================
HDL Synthesis Report

Macro Statistics
# Adders/Subtractors                                   : 3
 5-bit adder                                           : 1
 6-bit adder                                           : 2
# Counters                                             : 1
 27-bit up counter                                     : 1
# Registers                                            : 4
 1-bit register                                        : 1
 5-bit register                                        : 1
 6-bit register                                        : 2
# Xors                                                 : 17
 1-bit xor2                                            : 17

=========================================================================

=========================================================================
*                       Advanced HDL Synthesis                          *
=========================================================================


=========================================================================
Advanced HDL Synthesis Report

Macro Statistics
# Adders/Subtractors                                   : 3
 5-bit adder                                           : 1
 6-bit adder                                           : 2
# Counters                                             : 1
 27-bit up counter                                     : 1
# Registers                                            : 18
 Flip-Flops                                            : 18
# Xors                                                 : 17
 1-bit xor2                                            : 17

=========================================================================

=========================================================================
*                         Low Level Synthesis                           *
=========================================================================

Optimizing unit <Stopwatch> ...

Mapping all equations...
Building and optimizing final netlist ...
Found area constraint ratio of 100 (+ 5) on block Stopwatch, actual ratio is 0.

Final Macro Processing ...

=========================================================================
Final Register Report

Macro Statistics
# Registers                                            : 45
 Flip-Flops                                            : 45

=========================================================================

=========================================================================
*                           Partition Report                            *
=========================================================================

Partition Implementation Status
-------------------------------

  No Partitions were found in this design.

-------------------------------

=========================================================================
*                            Final Report                               *
=========================================================================
Final Results
RTL Top Level Output File Name     : Stopwatch.ngr
Top Level Output File Name         : Stopwatch
Output Format                      : NGC
Optimization Goal                  : Speed
Keep Hierarchy                     : No

Design Statistics
# IOs                              : 19

Cell Usage :
# BELS                             : 127
#      GND                         : 1
#      INV                         : 2
#      LUT1                        : 26
#      LUT2                        : 6
#      LUT2_L                      : 3
#      LUT3                        : 5
#      LUT3_L                      : 3
#      LUT4                        : 17
#      LUT4_D                      : 3
#      MUXCY                       : 33
#      VCC                         : 1
#      XORCY                       : 27
# FlipFlops/Latches                : 45
#      FD                          : 1
#      FDE                         : 1
#      FDR                         : 43
# Clock Buffers                    : 1
#      BUFGP                       : 1
# IO Buffers                       : 18
#      OBUF                        : 18
=========================================================================

Device utilization summary:
---------------------------

Selected Device : 3s1000ft256-5 

 Number of Slices:                       34  out of   7680     0%  
 Number of Slice Flip Flops:             45  out of  15360     0%  
 Number of 4 input LUTs:                 65  out of  15360     0%  
 Number of IOs:                          19
 Number of bonded IOBs:                  19  out of    173    10%  
 Number of GCLKs:                         1  out of      8    12%  

---------------------------
Partition Resource Summary:
---------------------------

  No Partitions were found in this design.

---------------------------


=========================================================================
TIMING REPORT

NOTE: THESE TIMING NUMBERS ARE ONLY A SYNTHESIS ESTIMATE.
      FOR ACCURATE TIMING INFORMATION PLEASE REFER TO THE TRACE REPORT
      GENERATED AFTER PLACE-and-ROUTE.

Clock Information:
------------------
-----------------------------------+------------------------+-------+
Clock Signal                       | Clock buffer(FF name)  | Load  |
-----------------------------------+------------------------+-------+
GeneratingTwoHzSignal/Fout         | NONE(Seconds_1)        | 17    |
clk                                | BUFGP                  | 28    |
-----------------------------------+------------------------+-------+
INFO:Xst:2169 - HDL ADVISOR - Some clock signals were not automatically buffered by XST with BUFG/BUFR resources. Please use the buffer_type constraint in order to insert these buffers to the clock signals to help prevent skew problems.

Asynchronous Control Signals Information:
----------------------------------------
No asynchronous control signals found in this design

Timing Summary:
---------------
Speed Grade: -5

   Minimum period: 5.551ns (Maximum Frequency: 180.144MHz)
   Minimum input arrival time before clock: No path found
   Maximum output required time after clock: 8.546ns
   Maximum combinational path delay: No path found

Timing Detail:
--------------
All values displayed in nanoseconds (ns)

=========================================================================
Timing constraint: Default period analysis for Clock 'GeneratingTwoHzSignal/Fout'
  Clock period: 4.859ns (frequency: 205.797MHz)
  Total number of paths / destination ports: 208 / 32
-------------------------------------------------------------------------
Delay:               4.859ns (Levels of Logic = 3)
  Source:            Seconds_3 (FF)
  Destination:       Minutes_2 (FF)
  Source Clock:      GeneratingTwoHzSignal/Fout rising
  Destination Clock: GeneratingTwoHzSignal/Fout rising

  Data Path: Seconds_3 to Minutes_2
                                Gate     Net
    Cell:in->out      fanout   Delay   Delay  Logical Name (Net Name)
    ----------------------------------------  ------------
     FDR:C->Q              5   0.626   1.078  Seconds_3 (Seconds_3)
     LUT4:I0->O            1   0.479   0.704  MinutesSBI/Madd_SBIOut_cy<0>11_SW0 (N20)
     LUT4_D:I3->O          4   0.479   0.838  MinutesSBI/Madd_SBIOut_cy<0>11 (MinutesSBI/Madd_SBIOut_cy<0>)
     LUT3:I2->O            1   0.479   0.000  MinutesMux/SBMOut<2>11 (MinutesMux/SBMOut<2>1)
     FDR:D                     0.176          Minutes_2
    ----------------------------------------
    Total                      4.859ns (2.239ns logic, 2.620ns route)
                                       (46.1% logic, 53.9% route)

=========================================================================
Timing constraint: Default period analysis for Clock 'clk'
  Clock period: 5.551ns (frequency: 180.144MHz)
  Total number of paths / destination ports: 1135 / 56
-------------------------------------------------------------------------
Delay:               5.551ns (Levels of Logic = 8)
  Source:            GeneratingTwoHzSignal/counter_7 (FF)
  Destination:       GeneratingTwoHzSignal/counter_0 (FF)
  Source Clock:      clk rising
  Destination Clock: clk rising

  Data Path: GeneratingTwoHzSignal/counter_7 to GeneratingTwoHzSignal/counter_0
                                Gate     Net
    Cell:in->out      fanout   Delay   Delay  Logical Name (Net Name)
    ----------------------------------------  ------------
     FDR:C->Q              2   0.626   1.040  GeneratingTwoHzSignal/counter_7 (GeneratingTwoHzSignal/counter_7)
     LUT3:I0->O            1   0.479   0.000  GeneratingTwoHzSignal/Fout_cmp_eq0000_wg_lut<0> (GeneratingTwoHzSignal/Fout_cmp_eq0000_wg_lut<0>)
     MUXCY:S->O            1   0.435   0.000  GeneratingTwoHzSignal/Fout_cmp_eq0000_wg_cy<0> (GeneratingTwoHzSignal/Fout_cmp_eq0000_wg_cy<0>)
     MUXCY:CI->O           1   0.056   0.000  GeneratingTwoHzSignal/Fout_cmp_eq0000_wg_cy<1> (GeneratingTwoHzSignal/Fout_cmp_eq0000_wg_cy<1>)
     MUXCY:CI->O           1   0.056   0.000  GeneratingTwoHzSignal/Fout_cmp_eq0000_wg_cy<2> (GeneratingTwoHzSignal/Fout_cmp_eq0000_wg_cy<2>)
     MUXCY:CI->O           1   0.056   0.000  GeneratingTwoHzSignal/Fout_cmp_eq0000_wg_cy<3> (GeneratingTwoHzSignal/Fout_cmp_eq0000_wg_cy<3>)
     MUXCY:CI->O           1   0.056   0.000  GeneratingTwoHzSignal/Fout_cmp_eq0000_wg_cy<4> (GeneratingTwoHzSignal/Fout_cmp_eq0000_wg_cy<4>)
     MUXCY:CI->O           1   0.056   0.000  GeneratingTwoHzSignal/Fout_cmp_eq0000_wg_cy<5> (GeneratingTwoHzSignal/Fout_cmp_eq0000_wg_cy<5>)
     MUXCY:CI->O          28   0.246   1.556  GeneratingTwoHzSignal/Fout_cmp_eq0000_wg_cy<6> (GeneratingTwoHzSignal/Fout_cmp_eq0000)
     FDR:R                     0.892          GeneratingTwoHzSignal/counter_0
    ----------------------------------------
    Total                      5.551ns (2.955ns logic, 2.596ns route)
                                       (53.2% logic, 46.8% route)

=========================================================================
Timing constraint: Default OFFSET OUT AFTER for Clock 'GeneratingTwoHzSignal/Fout'
  Total number of paths / destination ports: 23 / 18
-------------------------------------------------------------------------
Offset:              8.546ns (Levels of Logic = 3)
  Source:            Seconds_3 (FF)
  Destination:       ResetSeconds (PAD)
  Source Clock:      GeneratingTwoHzSignal/Fout rising

  Data Path: Seconds_3 to ResetSeconds
                                Gate     Net
    Cell:in->out      fanout   Delay   Delay  Logical Name (Net Name)
    ----------------------------------------  ------------
     FDR:C->Q              5   0.626   1.078  Seconds_3 (Seconds_3)
     LUT3_L:I0->LO         1   0.479   0.123  SecondsXNOR/SBXNOROut_SW0 (N6)
     LUT4:I3->O            6   0.479   0.853  SecondsXNOR/SBXNOROut (ResetSeconds_OBUF)
     OBUF:I->O                 4.909          ResetSeconds_OBUF (ResetSeconds)
    ----------------------------------------
    Total                      8.546ns (6.493ns logic, 2.053ns route)
                                       (76.0% logic, 24.0% route)

=========================================================================


Total REAL time to Xst completion: 6.00 secs
Total CPU time to Xst completion: 5.59 secs
 
--> 

Total memory usage is 266956 kilobytes

Number of errors   :    0 (   0 filtered)
Number of warnings :    3 (   0 filtered)
Number of infos    :    1 (   0 filtered)

